<?xml version="1.0" encoding="UTF-8"?>
<!-- Generated by org.testng.reporters.JUnitReportReporter -->
<testsuite name="TestPackage.Test3" tests="1" time="4.213" ignored="4" failures="0" timestamp="24 Jan 2017 05:45:06 GMT" skipped="0" hostname="MD-Kabir" errors="0">
  <testcase name="test3" time="4.213" classname="TestPackage.Test3"/>
  <testcase name="afterSuite" classname="TestPackage.BaseTest">
    <skipped/>
  </testcase> <!-- afterSuite -->
  <testcase name="afterSuite" classname="TestPackage.BaseTest">
    <skipped/>
  </testcase> <!-- afterSuite -->
  <testcase name="beforeSuite" classname="TestPackage.BaseTest">
    <skipped/>
  </testcase> <!-- beforeSuite -->
  <testcase name="beforeSuite" classname="TestPackage.BaseTest">
    <skipped/>
  </testcase> <!-- beforeSuite -->
</testsuite> <!-- TestPackage.Test3 -->
