<?xml version="1.0" encoding="UTF-8"?>
<!-- Generated by org.testng.reporters.JUnitReportReporter -->
<testsuite name="Test3" tests="1" time="10.579" ignored="0" failures="0" timestamp="24 Jan 2017 03:28:36 GMT" skipped="0" hostname="MD-Kabir" errors="0">
  <testcase name="test3" time="10.579" classname="Test3"/>
</testsuite> <!-- Test3 -->
