<?xml version="1.0" encoding="UTF-8"?>
<!-- Generated by org.testng.reporters.JUnitReportReporter -->
<testsuite name="Test1" tests="2" time="12.548" ignored="0" failures="0" timestamp="24 Jan 2017 03:28:36 GMT" skipped="0" hostname="MD-Kabir" errors="0">
  <testcase name="test2" time="0.002" classname="Test1"/>
  <testcase name="test1" time="12.546" classname="Test1"/>
</testsuite> <!-- Test1 -->
